
8월 13, 2019 10:04:54.28 NEW SESSION
8월 13, 2019 10:04:54.28 [12852:12996:0813/100454.276:ERROR:browser_process_sub_thread.cc(203)] Waited 17 ms for network service
8월 13, 2019 10:04:54.30 
8월 13, 2019 10:04:54.30 KLIB_SelfTest return : KLR_OK
8월 13, 2019 10:05:06.62 [5368:9176:0813/100506.628:ERROR:browser_process_sub_thread.cc(203)] Waited 15 ms for network service
8월 13, 2019 10:05:06.65 
8월 13, 2019 10:05:06.65 KLIB_SelfTest return : KLR_OK
8월 13, 2019 10:05:34.84 [9552:10456:0813/100534.846:ERROR:browser_process_sub_thread.cc(203)] Waited 15 ms for network service
8월 13, 2019 10:05:34.87 
8월 13, 2019 10:05:34.88 KLIB_SelfTest return : KLR_OK
8월 13, 2019 10:06:10.64 [6436:10364:0813/100610.640:ERROR:browser_process_sub_thread.cc(203)] Waited 18 ms for network service
8월 13, 2019 10:06:10.66 
8월 13, 2019 10:06:10.66 KLIB_SelfTest return : KLR_OK

8월 21, 2019 11:27:03.51 NEW SESSION
8월 21, 2019 11:27:03.52 [10524:1688:0821/112703.498:ERROR:browser_process_sub_thread.cc(203)] Waited 18 ms for network service
8월 21, 2019 11:27:03.52 
8월 21, 2019 11:27:03.52 KLIB_SelfTest return : KLR_OK
8월 21, 2019 11:33:49.20 [8304:4796:0821/113349.205:ERROR:browser_process_sub_thread.cc(203)] Waited 13 ms for network service
8월 21, 2019 11:33:49.23 
8월 21, 2019 11:33:49.23 KLIB_SelfTest return : KLR_OK
8월 21, 2019 11:37:19.77 [11200:4716:0821/113719.779:ERROR:browser_process_sub_thread.cc(203)] Waited 5 ms for network service
8월 21, 2019 11:37:19.80 
8월 21, 2019 11:37:19.80 KLIB_SelfTest return : KLR_OK
8월 21, 2019 14:45:55.38 [7888:6084:0821/144555.383:ERROR:browser_process_sub_thread.cc(203)] Waited 13 ms for network service
8월 21, 2019 14:45:55.42 
8월 21, 2019 14:45:55.42 KLIB_SelfTest return : KLR_OK
8월 21, 2019 15:21:02.24 [13104:5568:0821/152102.248:ERROR:browser_process_sub_thread.cc(203)] Waited 12 ms for network service
8월 21, 2019 15:21:02.30 
8월 21, 2019 15:21:02.30 KLIB_SelfTest return : KLR_OK
8월 21, 2019 15:47:29.07 [5312:3148:0821/154729.071:ERROR:browser_process_sub_thread.cc(203)] Waited 9 ms for network service
8월 21, 2019 15:47:29.10 
8월 21, 2019 15:47:29.10 KLIB_SelfTest return : KLR_OK
8월 21, 2019 15:49:12.82 [13124:5108:0821/154912.826:ERROR:browser_process_sub_thread.cc(203)] Waited 11 ms for network service
8월 21, 2019 15:49:12.85 
8월 21, 2019 15:49:12.85 KLIB_SelfTest return : KLR_OK
8월 21, 2019 15:49:42.76 [1472:112:0821/154942.764:ERROR:browser_process_sub_thread.cc(203)] Waited 17 ms for network service
8월 21, 2019 15:49:42.79 
8월 21, 2019 15:49:42.79 KLIB_SelfTest return : KLR_OK

8월 21, 2019 16:32:20.91 NEW SESSION
8월 21, 2019 16:32:20.91 [12988:11060:0821/163220.798:ERROR:browser_process_sub_thread.cc(203)] Waited 11 ms for network service
8월 21, 2019 16:32:20.91 
8월 21, 2019 16:32:20.91 KLIB_SelfTest return : KLR_OK
8월 21, 2019 16:32:25.47 [2012:7672:0821/163225.474:ERROR:browser_process_sub_thread.cc(203)] Waited 20 ms for network service
8월 21, 2019 16:32:25.50 
8월 21, 2019 16:32:25.50 KLIB_SelfTest return : KLR_OK
8월 21, 2019 16:36:56.17 [13188:7688:0821/163656.178:ERROR:browser_process_sub_thread.cc(203)] Waited 35 ms for network service
8월 21, 2019 16:36:56.20 
8월 21, 2019 16:36:56.21 KLIB_SelfTest return : KLR_OK
8월 21, 2019 16:37:12.46 [10188:11656:0821/163712.462:ERROR:browser_process_sub_thread.cc(203)] Waited 101 ms for network service
8월 21, 2019 16:37:12.48 
8월 21, 2019 16:37:12.49 KLIB_SelfTest return : KLR_OK
8월 21, 2019 16:43:15.22 [13104:7212:0821/164315.217:ERROR:browser_process_sub_thread.cc(203)] Waited 16 ms for network service
8월 21, 2019 16:43:15.24 
8월 21, 2019 16:43:15.25 KLIB_SelfTest return : KLR_OK
8월 21, 2019 16:47:24.32 [4844:4840:0821/164724.322:ERROR:browser_process_sub_thread.cc(203)] Waited 13 ms for network service
8월 21, 2019 16:47:24.35 
8월 21, 2019 16:47:24.36 KLIB_SelfTest return : KLR_OK
8월 21, 2019 17:06:34.84 [1904:8264:0821/170634.846:ERROR:browser_process_sub_thread.cc(203)] Waited 5 ms for network service
8월 21, 2019 17:06:34.87 
8월 21, 2019 17:06:34.87 KLIB_SelfTest return : KLR_OK
8월 21, 2019 17:09:21.52 [13016:1424:0821/170921.524:ERROR:browser_process_sub_thread.cc(203)] Waited 37 ms for network service
8월 21, 2019 17:09:21.55 
8월 21, 2019 17:09:21.55 KLIB_SelfTest return : KLR_OK

8월 22, 2019 14:29:31.12 NEW SESSION
8월 22, 2019 14:29:31.12 [5336:6052:0822/142931.098:ERROR:browser_process_sub_thread.cc(203)] Waited 5 ms for network service
8월 22, 2019 14:29:31.12 
8월 22, 2019 14:29:31.13 KLIB_SelfTest return : KLR_OK
8월 22, 2019 14:41:21.64 [1576:2496:0822/144121.644:ERROR:browser_process_sub_thread.cc(203)] Waited 14 ms for network service
8월 22, 2019 14:41:21.68 
8월 22, 2019 14:41:21.68 KLIB_SelfTest return : KLR_OK
8월 22, 2019 14:41:34.70 [12644:4420:0822/144134.706:ERROR:browser_process_sub_thread.cc(203)] Waited 25 ms for network service
8월 22, 2019 14:41:34.73 
8월 22, 2019 14:41:34.73 KLIB_SelfTest return : KLR_OK
8월 22, 2019 14:43:07.64 [7944:12788:0822/144307.640:ERROR:browser_process_sub_thread.cc(203)] Waited 11 ms for network service
8월 22, 2019 14:43:07.67 
8월 22, 2019 14:43:07.67 KLIB_SelfTest return : KLR_OK

8월 23, 2019 12:34:29.24 NEW SESSION
8월 23, 2019 12:34:29.24 [Parent 6436, Gecko_IOThread] WARNING: pipe error: 109: file z:/task_1563383129/build/src/ipc/chromium/src/chrome/common/ipc_channel_win.cc, line 341
8월 23, 2019 12:34:29.25 [Parent 6436, Gecko_IOThread] WARNING: pipe error: 109: file z:/task_1563383129/build/src/ipc/chromium/src/chrome/common/ipc_channel_win.cc, line 341
8월 23, 2019 12:34:29.25 [Parent 6436, Gecko_IOThread] WARNING: pipe error: 109: file z:/task_1563383129/build/src/ipc/chromium/src/chrome/common/ipc_channel_win.cc, line 341
8월 23, 2019 12:34:29.25 [Child 4572, Chrome_ChildThread] WARNING: pipe error: 109: file z:/task_1563383129/build/src/ipc/chromium/src/chrome/common/ipc_channel_win.cc, line 341
8월 23, 2019 12:34:29.26 [Child 4572, Chrome_ChildThread] WARNING: pipe error: 109: file z:/task_1563383129/build/src/ipc/chromi[Child 10236, Chrome_ChildThread] WARNING: pipe error: 109: file z:/task_1563383129/build/src/ipc/chromium/src/chrome/common/ipc_channel_win.cc, line 341
8월 23, 2019 12:34:29.26 [Child 10236, Chrome_ChildThread] WARNING: pipe error: [Child 8284, Chrome_ChildThread] WARNING: pipe error: 109: file z:/task_1563383129/build/src/ipc/chromium/src/chrome/common/ipc_channel_win.cc, line 341
8월 23, 2019 12:34:29.26 [Child 8284, Chrome_ChildThread] WARNING: pipe error: 109: file z:[Parent 6436, Gecko_IOThread] WARNING: pipe error: 109: file z:/task_1563383129/build/src/ipc/chromium/src/chrome/common/ipc_channel_win.cc, line 341
8월 23, 2019 12:34:29.27 [Child 4708, Chrome_ChildThread] WARNING: pipe error: 109: file z:/task_1563383129/build/src/ipc/chromium/src/chrome/common/ipc_channel_win.cc, line 341
8월 23, 2019 12:34:29.34 [Child 4708, Chrome_ChildThread] WARNING: pipe error: 109: file z:/task_15
8월 23, 2019 12:34:29.34 ###!!! [Child][RunMessage] Error: Channel closing: too late to send/recv, messages will be lost
8월 23, 2019 12:34:29.35 
8월 23, 2019 12:34:29.36 [GPU 1592, Chrome_ChildThread] WARNING: pipe error: 109: file z:/task_156338312
8월 23, 2019 12:34:29.36 ###!!! [Child][MessageChannel::SendAndWait] Error: Channel error: cannot send/recv
8월 23, 2019 12:34:29.37 
8월 23, 2019 12:34:29.39 
8월 23, 2019 12:34:29.39 KLIB_SelfTest return : KLR_OK
8월 23, 2019 14:09:32.15 [3404:8164:0823/140932.157:ERROR:browser_process_sub_thread.cc(203)] Waited 14 ms for network service
8월 23, 2019 14:09:32.22 
8월 23, 2019 14:09:32.22 KLIB_SelfTest return : KLR_OK
8월 23, 2019 14:18:31.45 [10616:3660:0823/141831.459:ERROR:browser_process_sub_thread.cc(203)] Waited 19 ms for network service
8월 23, 2019 14:18:31.48 
8월 23, 2019 14:18:31.49 KLIB_SelfTest return : KLR_OK
8월 23, 2019 14:18:50.16 [9388:8052:0823/141850.169:ERROR:browser_process_sub_thread.cc(203)] Waited 17 ms for network service
8월 23, 2019 14:18:50.19 
8월 23, 2019 14:18:50.20 KLIB_SelfTest return : KLR_OK
8월 23, 2019 14:19:05.02 [10520:11764:0823/141905.022:ERROR:browser_process_sub_thread.cc(203)] Waited 9 ms for network service
8월 23, 2019 14:19:05.05 
8월 23, 2019 14:19:05.05 KLIB_SelfTest return : KLR_OK
8월 23, 2019 14:19:09.06 [8232:10184:0823/141909.060:ERROR:browser_process_sub_thread.cc(203)] Waited 14 ms for network service
8월 23, 2019 14:19:09.08 
8월 23, 2019 14:19:09.08 KLIB_SelfTest return : KLR_OK
8월 23, 2019 14:19:38.94 [9208:5744:0823/141938.946:ERROR:browser_process_sub_thread.cc(203)] Waited 12 ms for network service
8월 23, 2019 14:19:38.97 
8월 23, 2019 14:19:38.98 KLIB_SelfTest return : KLR_OK
8월 23, 2019 14:22:46.28 [11616:4668:0823/142246.281:ERROR:browser_process_sub_thread.cc(203)] Waited 12 ms for network service
8월 23, 2019 14:22:46.30 
8월 23, 2019 14:22:46.30 KLIB_SelfTest return : KLR_OK
8월 23, 2019 14:23:01.82 [8576:11464:0823/142301.823:ERROR:browser_process_sub_thread.cc(203)] Waited 25 ms for network service
8월 23, 2019 14:23:01.84 
8월 23, 2019 14:23:01.85 KLIB_SelfTest return : KLR_OK
8월 23, 2019 14:23:30.57 [9432:12036:0823/142330.573:ERROR:browser_process_sub_thread.cc(203)] Waited 13 ms for network service
8월 23, 2019 14:23:30.59 
8월 23, 2019 14:23:30.60 KLIB_SelfTest return : KLR_OK
8월 23, 2019 14:25:36.66 [7456:9656:0823/142536.663:ERROR:browser_process_sub_thread.cc(203)] Waited 14 ms for network service
8월 23, 2019 14:25:36.69 
8월 23, 2019 14:25:36.69 KLIB_SelfTest return : KLR_OK
8월 23, 2019 14:26:15.39 [5680:11980:0823/142615.395:ERROR:browser_process_sub_thread.cc(203)] Waited 15 ms for network service
8월 23, 2019 14:26:15.42 
8월 23, 2019 14:26:15.42 KLIB_SelfTest return : KLR_OK
8월 23, 2019 14:26:49.08 [5536:6444:0823/142649.087:ERROR:browser_process_sub_thread.cc(203)] Waited 15 ms for network service
8월 23, 2019 14:26:49.11 
8월 23, 2019 14:26:49.11 KLIB_SelfTest return : KLR_OK
8월 23, 2019 14:26:52.97 [816:11576:0823/142652.972:ERROR:browser_process_sub_thread.cc(203)] Waited 12 ms for network service
8월 23, 2019 14:26:53.00 
8월 23, 2019 14:26:53.00 KLIB_SelfTest return : KLR_OK
8월 23, 2019 14:57:04.11 [408:5756:0823/145704.112:ERROR:browser_process_sub_thread.cc(203)] Waited 16 ms for network service
8월 23, 2019 14:57:04.15 
8월 23, 2019 14:57:04.15 KLIB_SelfTest return : KLR_OK
8월 23, 2019 14:57:36.02 [8092:12256:0823/145736.026:ERROR:browser_process_sub_thread.cc(203)] Waited 12 ms for network service
8월 23, 2019 14:57:36.06 
8월 23, 2019 14:57:36.06 KLIB_SelfTest return : KLR_OK
8월 23, 2019 15:04:49.09 [11020:2084:0823/150449.093:ERROR:browser_process_sub_thread.cc(203)] Waited 16 ms for network service
8월 23, 2019 15:04:49.12 
8월 23, 2019 15:04:49.12 KLIB_SelfTest return : KLR_OK
8월 23, 2019 16:44:46.88 [3388:10536:0823/164446.880:ERROR:browser_process_sub_thread.cc(203)] Waited 12 ms for network service
8월 23, 2019 16:44:46.91 
8월 23, 2019 16:44:46.91 KLIB_SelfTest return : KLR_OK
8월 23, 2019 16:47:14.26 [4772:880:0823/164714.260:ERROR:browser_process_sub_thread.cc(203)] Waited 3 ms for network service
8월 23, 2019 16:47:14.28 
8월 23, 2019 16:47:14.28 KLIB_SelfTest return : KLR_OK
8월 23, 2019 16:48:47.90 [2784:12700:0823/164847.907:ERROR:browser_process_sub_thread.cc(203)] Waited 8 ms for network service
8월 23, 2019 16:48:47.94 
8월 23, 2019 16:48:47.95 KLIB_SelfTest return : KLR_OK
8월 23, 2019 16:49:11.40 [4648:13228:0823/164911.407:ERROR:browser_process_sub_thread.cc(203)] Waited 14 ms for network service
8월 23, 2019 16:49:11.43 
8월 23, 2019 16:49:11.43 KLIB_SelfTest return : KLR_OK
8월 23, 2019 16:49:59.92 [13012:7908:0823/164959.928:ERROR:browser_process_sub_thread.cc(203)] Waited 10 ms for network service
8월 23, 2019 16:49:59.96 
8월 23, 2019 16:49:59.96 KLIB_SelfTest return : KLR_OK
8월 23, 2019 16:52:17.90 [7956:13304:0823/165217.902:ERROR:browser_process_sub_thread.cc(203)] Waited 15 ms for network service
8월 23, 2019 16:52:17.93 
8월 23, 2019 16:52:17.93 KLIB_SelfTest return : KLR_OK
8월 23, 2019 16:52:28.84 [12200:7828:0823/165228.848:ERROR:browser_process_sub_thread.cc(203)] Waited 11 ms for network service
8월 23, 2019 16:52:28.87 
8월 23, 2019 16:52:28.87 KLIB_SelfTest return : KLR_OK
8월 23, 2019 16:52:38.60 [152:1612:0823/165238.599:ERROR:browser_process_sub_thread.cc(203)] Waited 15 ms for network service
8월 23, 2019 16:52:38.62 
8월 23, 2019 16:52:38.62 KLIB_SelfTest return : KLR_OK
8월 23, 2019 17:08:54.43 [13028:12808:0823/170854.439:ERROR:browser_process_sub_thread.cc(203)] Waited 14 ms for network service
8월 23, 2019 17:08:54.46 
8월 23, 2019 17:08:54.46 KLIB_SelfTest return : KLR_OK
8월 23, 2019 17:09:07.07 [10608:5624:0823/170907.074:ERROR:browser_process_sub_thread.cc(203)] Waited 16 ms for network service
8월 23, 2019 17:09:07.10 
8월 23, 2019 17:09:07.11 KLIB_SelfTest return : KLR_OK
8월 23, 2019 17:17:51.71 [11684:11944:0823/171751.713:ERROR:browser_process_sub_thread.cc(203)] Waited 5 ms for network service
8월 23, 2019 17:17:51.73 
8월 23, 2019 17:17:51.74 KLIB_SelfTest return : KLR_OK

8월 28, 2019 10:17:46.29 NEW SESSION
8월 28, 2019 10:17:46.29 [2984:5744:0828/101746.293:ERROR:browser_process_sub_thread.cc(203)] Waited 21 ms for network service
8월 28, 2019 10:17:46.31 
8월 28, 2019 10:17:46.32 KLIB_SelfTest return : KLR_OK
8월 28, 2019 10:21:42.65 [6116:10668:0828/102142.656:ERROR:browser_process_sub_thread.cc(203)] Waited 22 ms for network service
8월 28, 2019 10:21:42.68 
8월 28, 2019 10:21:42.68 KLIB_SelfTest return : KLR_OK
8월 28, 2019 10:22:19.17 [6392:2340:0828/102219.177:ERROR:browser_process_sub_thread.cc(203)] Waited 10 ms for network service
8월 28, 2019 10:22:19.20 
8월 28, 2019 10:22:19.21 KLIB_SelfTest return : KLR_OK
8월 28, 2019 10:25:40.81 [7928:9884:0828/102540.812:ERROR:browser_process_sub_thread.cc(203)] Waited 11 ms for network service
8월 28, 2019 10:25:40.84 
8월 28, 2019 10:25:40.84 KLIB_SelfTest return : KLR_OK
8월 28, 2019 10:26:07.40 [1208:5588:0828/102607.409:ERROR:browser_process_sub_thread.cc(203)] Waited 15 ms for network service
8월 28, 2019 10:26:07.43 
8월 28, 2019 10:26:07.44 KLIB_SelfTest return : KLR_OK
8월 28, 2019 10:26:56.06 [9328:1152:0828/102656.065:ERROR:browser_process_sub_thread.cc(203)] Waited 8 ms for network service
8월 28, 2019 10:26:56.08 
8월 28, 2019 10:26:56.09 KLIB_SelfTest return : KLR_OK
8월 28, 2019 10:27:06.58 [4800:540:0828/102706.587:ERROR:browser_process_sub_thread.cc(203)] Waited 12 ms for network service
8월 28, 2019 10:27:06.61 
8월 28, 2019 10:27:06.61 KLIB_SelfTest return : KLR_OK
8월 28, 2019 10:27:20.35 [6128:10336:0828/102720.354:ERROR:browser_process_sub_thread.cc(203)] Waited 14 ms for network service
8월 28, 2019 10:27:20.38 
8월 28, 2019 10:27:20.38 KLIB_SelfTest return : KLR_OK
8월 28, 2019 11:24:08.04 [9512:5564:0828/112408.048:ERROR:browser_process_sub_thread.cc(203)] Waited 15 ms for network service
8월 28, 2019 11:24:08.07 
8월 28, 2019 11:24:08.07 KLIB_SelfTest return : KLR_OK
8월 28, 2019 11:26:23.14 [8700:7824:0828/112623.147:ERROR:browser_process_sub_thread.cc(203)] Waited 13 ms for network service
8월 28, 2019 11:26:23.17 
8월 28, 2019 11:26:23.17 KLIB_SelfTest return : KLR_OK
8월 28, 2019 11:27:20.42 [10372:7856:0828/112720.427:ERROR:browser_process_sub_thread.cc(203)] Waited 13 ms for network service
8월 28, 2019 11:27:20.45 
8월 28, 2019 11:27:20.45 KLIB_SelfTest return : KLR_OK
8월 28, 2019 11:28:15.40 [3248:1884:0828/112815.402:ERROR:browser_process_sub_thread.cc(203)] Waited 15 ms for network service
8월 28, 2019 11:28:15.42 
8월 28, 2019 11:28:15.42 KLIB_SelfTest return : KLR_OK
8월 28, 2019 11:30:51.36 [7604:8744:0828/113051.364:ERROR:browser_process_sub_thread.cc(203)] Waited 13 ms for network service
8월 28, 2019 11:30:51.39 
8월 28, 2019 11:30:51.39 KLIB_SelfTest return : KLR_OK
8월 28, 2019 11:32:13.38 [1212:4116:0828/113213.380:ERROR:browser_process_sub_thread.cc(203)] Waited 25 ms for network service
8월 28, 2019 11:32:13.40 
8월 28, 2019 11:32:13.41 KLIB_SelfTest return : KLR_OK
8월 28, 2019 11:33:02.85 [5564:3424:0828/113302.859:ERROR:browser_process_sub_thread.cc(203)] Waited 13 ms for network service
8월 28, 2019 11:33:02.89 
8월 28, 2019 11:33:02.89 KLIB_SelfTest return : KLR_OK
8월 28, 2019 12:00:54.44 [596:4980:0828/120054.444:ERROR:browser_process_sub_thread.cc(203)] Waited 4 ms for network service
8월 28, 2019 12:00:54.48 
8월 28, 2019 12:00:54.48 KLIB_SelfTest return : KLR_OK
8월 28, 2019 12:04:25.44 [884:1016:0828/120425.444:ERROR:browser_process_sub_thread.cc(203)] Waited 10 ms for network service
8월 28, 2019 12:04:25.46 
8월 28, 2019 12:04:25.47 KLIB_SelfTest return : KLR_OK
8월 28, 2019 12:14:26.01 [3844:6484:0828/121426.019:ERROR:browser_process_sub_thread.cc(203)] Waited 13 ms for network service
8월 28, 2019 12:14:26.04 
8월 28, 2019 12:14:26.04 KLIB_SelfTest return : KLR_OK
8월 28, 2019 12:15:05.62 [6224:8652:0828/121505.620:ERROR:browser_process_sub_thread.cc(203)] Waited 9 ms for network service
8월 28, 2019 12:15:05.65 
8월 28, 2019 12:15:05.65 KLIB_SelfTest return : KLR_OK
8월 28, 2019 14:06:28.87 [2184:8996:0828/140628.872:ERROR:browser_process_sub_thread.cc(203)] Waited 17 ms for network service
8월 28, 2019 14:06:28.89 
8월 28, 2019 14:06:28.90 KLIB_SelfTest return : KLR_OK
8월 28, 2019 14:06:40.25 [4568:8992:0828/140640.256:ERROR:browser_process_sub_thread.cc(203)] Waited 14 ms for network service
8월 28, 2019 14:06:40.27 
8월 28, 2019 14:06:40.28 KLIB_SelfTest return : KLR_OK
8월 28, 2019 14:07:50.63 [1980:1244:0828/140750.638:ERROR:browser_process_sub_thread.cc(203)] Waited 28 ms for network service
8월 28, 2019 14:07:50.66 
8월 28, 2019 14:07:50.67 KLIB_SelfTest return : KLR_OK
8월 28, 2019 14:09:19.54 [6220:7820:0828/140919.542:ERROR:browser_process_sub_thread.cc(203)] Waited 14 ms for network service
8월 28, 2019 14:09:19.56 
8월 28, 2019 14:09:19.56 KLIB_SelfTest return : KLR_OK
8월 28, 2019 14:09:42.02 [9812:424:0828/140942.027:ERROR:browser_process_sub_thread.cc(203)] Waited 14 ms for network service
8월 28, 2019 14:09:42.05 
8월 28, 2019 14:09:42.05 KLIB_SelfTest return : KLR_OK
8월 28, 2019 14:10:36.05 [10208:5456:0828/141036.055:ERROR:browser_process_sub_thread.cc(203)] Waited 14 ms for network service
8월 28, 2019 14:10:36.08 
8월 28, 2019 14:10:36.08 KLIB_SelfTest return : KLR_OK
8월 28, 2019 14:22:17.15 [7572:7820:0828/142217.151:ERROR:browser_process_sub_thread.cc(203)] Waited 7 ms for network service
8월 28, 2019 14:22:17.19 
8월 28, 2019 14:22:17.19 KLIB_SelfTest return : KLR_OK

8월 28, 2019 17:17:43.45 NEW SESSION
8월 28, 2019 17:17:43.45 [2664:2684:0828/171743.430:ERROR:browser_process_sub_thread.cc(203)] Waited 21 ms for network service
8월 28, 2019 17:17:43.46 
8월 28, 2019 17:17:43.47 KLIB_SelfTest return : KLR_OK

8월 29, 2019 11:26:36.42 NEW SESSION
8월 29, 2019 11:26:36.42 [8976:11972:0829/112636.388:ERROR:browser_process_sub_thread.cc(203)] Waited 19 ms for network service
8월 29, 2019 11:26:36.43 
8월 29, 2019 11:26:36.43 KLIB_SelfTest return : KLR_OK
8월 29, 2019 12:18:17.25 [2160:6888:0829/121817.253:ERROR:browser_process_sub_thread.cc(203)] Waited 4 ms for network service
8월 29, 2019 12:18:17.28 
8월 29, 2019 12:18:17.28 KLIB_SelfTest return : KLR_OK
8월 29, 2019 12:18:23.91 [10712:1080:0829/121823.910:ERROR:browser_process_sub_thread.cc(203)] Waited 18 ms for network service
8월 29, 2019 12:18:23.93 
8월 29, 2019 12:18:23.93 KLIB_SelfTest return : KLR_OK
8월 29, 2019 12:21:35.81 [8724:10036:0829/122135.813:ERROR:browser_process_sub_thread.cc(203)] Waited 5 ms for network service
8월 29, 2019 12:21:35.84 
8월 29, 2019 12:21:35.84 KLIB_SelfTest return : KLR_OK
8월 29, 2019 17:03:08.62 [2736:7256:0829/170308.628:ERROR:browser_process_sub_thread.cc(203)] Waited 12 ms for network service
8월 29, 2019 17:03:08.66 
8월 29, 2019 17:03:08.66 KLIB_SelfTest return : KLR_OK
8월 29, 2019 17:03:58.49 [4696:11928:0829/170358.492:ERROR:browser_process_sub_thread.cc(203)] Waited 26 ms for network service
8월 29, 2019 17:03:58.51 
8월 29, 2019 17:03:58.52 KLIB_SelfTest return : KLR_OK
8월 29, 2019 17:04:01.60 [5884:7016:0829/170401.604:ERROR:browser_process_sub_thread.cc(203)] Waited 11 ms for network service
8월 29, 2019 17:04:01.63 
8월 29, 2019 17:04:01.63 KLIB_SelfTest return : KLR_OK
